<?xml version="1.0" encoding="UTF-8"?>
<testng-results skipped="0" failed="0" ignored="0" total="1" passed="1">
  <reporter-output>
  </reporter-output>
  <suite name="Default suite" duration-ms="2995" started-at="2018-09-06T14:08:34Z" finished-at="2018-09-06T14:08:37Z">
    <groups>
    </groups>
    <test name="Default test" duration-ms="2995" started-at="2018-09-06T14:08:34Z" finished-at="2018-09-06T14:08:37Z">
      <class name="com.api.tests.LocationDetails">
        <test-method status="PASS" signature="beforeSuite()[pri:0, instance:com.api.tests.LocationDetails@3ddda70f]" name="beforeSuite" is-config="true" duration-ms="14" started-at="2018-09-06T14:08:34Z" finished-at="2018-09-06T14:08:34Z">
          <reporter-output>
          </reporter-output>
        </test-method> <!-- beforeSuite -->
        <test-method status="PASS" signature="setUp()[pri:0, instance:com.api.tests.LocationDetails@3ddda70f]" name="setUp" is-config="true" duration-ms="512" started-at="2018-09-06T14:08:34Z" finished-at="2018-09-06T14:08:34Z">
          <reporter-output>
          </reporter-output>
        </test-method> <!-- setUp -->
        <test-method status="PASS" signature="getLocations()[pri:0, instance:com.api.tests.LocationDetails@3ddda70f]" name="getLocations" duration-ms="2457" started-at="2018-09-06T14:08:34Z" finished-at="2018-09-06T14:08:37Z">
          <reporter-output>
          </reporter-output>
        </test-method> <!-- getLocations -->
      </class> <!-- com.api.tests.LocationDetails -->
    </test> <!-- Default test -->
  </suite> <!-- Default suite -->
</testng-results>
